<?xml version="1.0" encoding="UTF-8"?>
<!-- Generated by org.testng.reporters.JUnitReportReporter -->
<testsuite hostname="Dell" failures="0" tests="1" name="com.ecommercebuyproduct.testcases.TC_01" time="37.175" errors="0" timestamp="2021-05-28T20:30:27 PKT" skipped="0">
  <testcase classname="com.ecommercebuyproduct.testcases.TC_01" name="TC1" time="37.175"/>
  <system-out/>
</testsuite> <!-- com.ecommercebuyproduct.testcases.TC_01 -->
