<?xml version="1.0" encoding="UTF-8"?>
<!-- Generated by org.testng.reporters.JUnitReportReporter -->
<testsuite hostname="Dell" failures="0" tests="1" name="com.ecommercebuyproduct.testcases.TC_02" time="48.506" errors="0" timestamp="2021-05-28T20:30:27 PKT" skipped="0">
  <testcase classname="com.ecommercebuyproduct.testcases.TC_02" name="TC2" time="48.506"/>
  <system-out/>
</testsuite> <!-- com.ecommercebuyproduct.testcases.TC_02 -->
